<?xml version="1.0" encoding="UTF-8"?>
<!-- Generated by org.testng.reporters.JUnitReportReporter -->
<testsuite hostname="Home" name="com.learnautomation.selenium.DemoforMaven" tests="2" failures="0" timestamp="31 Mar 2016 06:18:04 GMT" time="21.590" errors="0">
  <testcase name="testHello" time="0.001" classname="com.learnautomation.selenium.DemoforMaven"/>
  <testcase name="test123" time="21.589" classname="com.learnautomation.selenium.DemoforMaven"/>
</testsuite> <!-- com.learnautomation.selenium.DemoforMaven -->
