<?xml version="1.0" encoding="UTF-8"?>
<!-- Generated by org.testng.reporters.JUnitReportReporter -->
<testsuite hostname="Home" name="com.learnautomation.selenium.DemoforMaven" tests="2" failures="0" timestamp="31 Mar 2016 05:46:26 GMT" time="22.832" errors="0">
  <testcase name="testHello" time="0.003" classname="com.learnautomation.selenium.DemoforMaven"/>
  <testcase name="test123" time="22.829" classname="com.learnautomation.selenium.DemoforMaven"/>
</testsuite> <!-- com.learnautomation.selenium.DemoforMaven -->
